<?xml version="1.0" encoding="UTF-8"?>
<!-- Generated by org.testng.reporters.JUnitReportReporter -->
<testsuite skipped="0" hostname="LAPTOP-TTANO7KJ" name="com.crm.qa.testcases.HomePageTest" tests="3" failures="0" timestamp="28 Nov 2018 15:12:44 GMT" time="39.488" errors="0">
  <testcase name="verifyHomePageTitleTest" time="15.606" classname="com.crm.qa.testcases.HomePageTest"/>
  <testcase name="verifyUserNameTest" time="11.498" classname="com.crm.qa.testcases.HomePageTest"/>
  <testcase name="verifyContactsLinkTest" time="12.384" classname="com.crm.qa.testcases.HomePageTest"/>
</testsuite> <!-- com.crm.qa.testcases.HomePageTest -->
