<?xml version="1.0" encoding="UTF-8"?>
<!-- Generated by org.testng.reporters.JUnitReportReporter -->
<testsuite skipped="0" hostname="LAPTOP-TTANO7KJ" name="com.crm.qa.testcases.LoginPageTest" tests="3" failures="0" timestamp="28 Nov 2018 15:12:44 GMT" time="37.557" errors="0">
  <testcase name="loginPageTitleTest" time="7.029" classname="com.crm.qa.testcases.LoginPageTest"/>
  <testcase name="crmLogoImageTest" time="19.194" classname="com.crm.qa.testcases.LoginPageTest"/>
  <testcase name="loginTest" time="11.334" classname="com.crm.qa.testcases.LoginPageTest"/>
</testsuite> <!-- com.crm.qa.testcases.LoginPageTest -->
